<?xml version="1.0" encoding="UTF-8"?>
<!DOCTYPE suite SYSTEM "http://testng.org/testng-1.0.dtd">

<suite name="example test suite">
    <test name="example run" annotations="JDK">
        <parameter name="driver" value="chromedriver.exe"/>
        <classes>
            <class name="org.example.cucumber5testng.TestRunner" />
        </classes>
    </test>
</suite>